<?xml version="1.0" encoding="UTF-8"?>
<testsuite xmlns:xsi="http://www.w3.org/2001/XMLSchema-instance" xsi:noNamespaceSchemaLocation="https://maven.apache.org/surefire/maven-surefire-plugin/xsd/surefire-test-report.xsd" version="3.0.2" name="edu.comillas.icai.gitt.pat.spring.jpa3.E2E.controller.PistaControllerTest" time="7.824" tests="1" errors="0" skipped="0" failures="0">
  <properties>
[...]
</properties>
  <testcase name="listarPistas_devuelve200_y_lista_json" classname="edu.comillas.icai.gitt.pat.spring.jpa3.E2E.controller.PistaControllerTest" time="0.398">
    <system-out><![CDATA[17:59:29.976 [main] INFO org.springframework.test.context.support.AnnotationConfigContextLoaderUtils -- Could not detect default configuration classes for test class [edu.comillas.icai.gitt.pat.spring.jpa3.E2E.controller.PistaControllerTest]: PistaControllerTest does not declare any static, non-private, non-final, nested classes annotated with @Configuration.
17:59:30.239 [main] INFO org.springframework.boot.test.context.SpringBootTestContextBootstrapper -- Found @SpringBootConfiguration edu.comillas.icai.gitt.pat.spring.jpa3.Jpa3Application for test class edu.comillas.icai.gitt.pat.spring.jpa3.E2E.controller.PistaControllerTest

  .   ____          _            __ _ _
 /\\ / ___'_ __ _ _(_)_ __  __ _ \ \ \ \
( ( )\___ | '_ | '_| | '_ \/ _` | \ \ \ \
 \\/  ___)| |_)| | | | | || (_| |  ) ) ) )
  '  |____| .__|_| |_|_| |_\__, | / / / /
 =========|_|==============|___/=/_/_/_/

 :: Spring Boot ::      (v3.5.11-SNAPSHOT)

2026-03-25T17:59:31.253+01:00  INFO 31388 --- [jpa3] [           main] e.c.i.g.p.s.j.E.c.PistaControllerTest    : Starting PistaControllerTest using Java 21.0.10 with PID 31388 (started by lopez in C:\Users\lopez\OneDrive - Universidad Pontificia Comillas\Documentos\comillas\Aplicaciones\proyecto\1\PAT_PistaPadel_Grupo4_Persistencia)
2026-03-25T17:59:31.255+01:00  INFO 31388 --- [jpa3] [           main] e.c.i.g.p.s.j.E.c.PistaControllerTest    : No active profile set, falling back to 1 default profile: "default"
2026-03-25T17:59:36.462+01:00  WARN 31388 --- [jpa3] [           main] .s.s.UserDetailsServiceAutoConfiguration : 

Using generated security password: dc4b055c-fc2f-4360-991d-c1f8377124e1

This generated password is for development use only. Your security configuration must be updated before running your application in production.

2026-03-25T17:59:36.482+01:00  INFO 31388 --- [jpa3] [           main] r$InitializeUserDetailsManagerConfigurer : Global AuthenticationManager configured with UserDetailsService bean with name inMemoryUserDetailsManager
2026-03-25T17:59:37.065+01:00  INFO 31388 --- [jpa3] [           main] o.s.b.t.m.w.SpringBootMockServletContext : Initializing Spring TestDispatcherServlet ''
2026-03-25T17:59:37.066+01:00  INFO 31388 --- [jpa3] [           main] o.s.t.web.servlet.TestDispatcherServlet  : Initializing Servlet ''
2026-03-25T17:59:37.070+01:00  INFO 31388 --- [jpa3] [           main] o.s.t.web.servlet.TestDispatcherServlet  : Completed initialization in 2 ms
2026-03-25T17:59:37.140+01:00  INFO 31388 --- [jpa3] [           main] e.c.i.g.p.s.j.E.c.PistaControllerTest    : Started PistaControllerTest in 6.706 seconds (process running for 8.626)
]]></system-out>
    <system-err><![CDATA[Mockito is currently self-attaching to enable the inline-mock-maker. This will no longer work in future releases of the JDK. Please add Mockito as an agent to your build as described in Mockito's documentation: https://javadoc.io/doc/org.mockito/mockito-core/latest/org.mockito/org/mockito/Mockito.html#0.3
WARNING: A Java agent has been loaded dynamically (C:\Users\lopez\.m2\repository\net\bytebuddy\byte-buddy-agent\1.17.8\byte-buddy-agent-1.17.8.jar)
WARNING: If a serviceability tool is in use, please run with -XX:+EnableDynamicAgentLoading to hide this warning
WARNING: If a serviceability tool is not in use, please run with -Djdk.instrument.traceUsage for more information
WARNING: Dynamic loading of agents will be disallowed by default in a future release
]]></system-err>
  </testcase>
</testsuite>